<?xml version="1.0" encoding="UTF-8"?>
<testsuite name="demo.fixer.app.FixerDemoApplicationTest" time="0.495" tests="9" errors="8" skipped="0" failures="0">
  <properties>
    <property name="idea.version" value="14.1.4"/>
    <property name="java.runtime.name" value="Java(TM) SE Runtime Environment"/>
    <property name="sun.boot.library.path" value="/Library/Java/JavaVirtualMachines/jdk1.8.0_25.jdk/Contents/Home/jre/lib"/>
    <property name="java.vm.version" value="25.25-b02"/>
    <property name="gopherProxySet" value="false"/>
    <property name="java.vm.vendor" value="Oracle Corporation"/>
    <property name="java.vendor.url" value="http://java.oracle.com/"/>
    <property name="path.separator" value=":"/>
    <property name="guice.disable.misplaced.annotation.check" value="true"/>
    <property name="java.vm.name" value="Java HotSpot(TM) 64-Bit Server VM"/>
    <property name="file.encoding.pkg" value="sun.io"/>
    <property name="idea.launcher.port" value="7536"/>
    <property name="user.country" value="US"/>
    <property name="sun.java.launcher" value="SUN_STANDARD"/>
    <property name="sun.os.patch.level" value="unknown"/>
    <property name="java.vm.specification.name" value="Java Virtual Machine Specification"/>
    <property name="user.dir" value="/Users/sofia/Projects/workspace/github/fixer-demo"/>
    <property name="java.runtime.version" value="1.8.0_25-b17"/>
    <property name="java.awt.graphicsenv" value="sun.awt.CGraphicsEnvironment"/>
    <property name="java.endorsed.dirs" value="/Library/Java/JavaVirtualMachines/jdk1.8.0_25.jdk/Contents/Home/jre/lib/endorsed"/>
    <property name="os.arch" value="x86_64"/>
    <property name="java.io.tmpdir" value="/var/folders/49/_qtqb6054wdc7mzg5ck64s680000gn/T/"/>
    <property name="line.separator" value="&#10;"/>
    <property name="java.vm.specification.vendor" value="Oracle Corporation"/>
    <property name="os.name" value="Mac OS X"/>
    <property name="classworlds.conf" value="/Applications/IntelliJ IDEA 14.app/Contents/plugins/maven/lib/maven3/bin/m2.conf"/>
    <property name="sun.jnu.encoding" value="UTF-8"/>
    <property name="java.library.path" value="/Users/sofia/Library/Java/Extensions:/Library/Java/Extensions:/Network/Library/Java/Extensions:/System/Library/Java/Extensions:/usr/lib/java:."/>
    <property name="java.specification.name" value="Java Platform API Specification"/>
    <property name="java.class.version" value="52.0"/>
    <property name="sun.management.compiler" value="HotSpot 64-Bit Tiered Compilers"/>
    <property name="os.version" value="10.9.5"/>
    <property name="http.nonProxyHosts" value="local|*.local|169.254/16|*.169.254/16|127.0.0.1"/>
    <property name="user.home" value="/Users/sofia"/>
    <property name="user.timezone" value="America/New_York"/>
    <property name="java.awt.printerjob" value="sun.lwawt.macosx.CPrinterJob"/>
    <property name="java.specification.version" value="1.8"/>
    <property name="idea.launcher.bin.path" value="/Applications/IntelliJ IDEA 14.app/Contents/bin"/>
    <property name="file.encoding" value="UTF-8"/>
    <property name="user.name" value="sofia"/>
    <property name="java.class.path" value="/Applications/IntelliJ IDEA 14.app/Contents/plugins/maven/lib/maven3/boot/plexus-classworlds-2.4.jar:/Applications/IntelliJ IDEA 14.app/Contents/lib/idea_rt.jar"/>
    <property name="java.vm.specification.version" value="1.8"/>
    <property name="sun.arch.data.model" value="64"/>
    <property name="java.home" value="/Library/Java/JavaVirtualMachines/jdk1.8.0_25.jdk/Contents/Home/jre"/>
    <property name="sun.java.command" value="com.intellij.rt.execution.application.AppMain org.codehaus.classworlds.Launcher -Didea.version=14.1.4 install"/>
    <property name="java.specification.vendor" value="Oracle Corporation"/>
    <property name="user.language" value="en"/>
    <property name="awt.toolkit" value="sun.lwawt.macosx.LWCToolkit"/>
    <property name="java.vm.info" value="mixed mode"/>
    <property name="java.version" value="1.8.0_25"/>
    <property name="java.ext.dirs" value="/Users/sofia/Library/Java/Extensions:/Library/Java/JavaVirtualMachines/jdk1.8.0_25.jdk/Contents/Home/jre/lib/ext:/Library/Java/Extensions:/Network/Library/Java/Extensions:/System/Library/Java/Extensions:/usr/lib/java"/>
    <property name="sun.boot.class.path" value="/Library/Java/JavaVirtualMachines/jdk1.8.0_25.jdk/Contents/Home/jre/lib/resources.jar:/Library/Java/JavaVirtualMachines/jdk1.8.0_25.jdk/Contents/Home/jre/lib/rt.jar:/Library/Java/JavaVirtualMachines/jdk1.8.0_25.jdk/Contents/Home/jre/lib/sunrsasign.jar:/Library/Java/JavaVirtualMachines/jdk1.8.0_25.jdk/Contents/Home/jre/lib/jsse.jar:/Library/Java/JavaVirtualMachines/jdk1.8.0_25.jdk/Contents/Home/jre/lib/jce.jar:/Library/Java/JavaVirtualMachines/jdk1.8.0_25.jdk/Contents/Home/jre/lib/charsets.jar:/Library/Java/JavaVirtualMachines/jdk1.8.0_25.jdk/Contents/Home/jre/lib/jfr.jar:/Library/Java/JavaVirtualMachines/jdk1.8.0_25.jdk/Contents/Home/jre/classes"/>
    <property name="java.vendor" value="Oracle Corporation"/>
    <property name="maven.home" value="/Applications/IntelliJ IDEA 14.app/Contents/plugins/maven/lib/maven3"/>
    <property name="file.separator" value="/"/>
    <property name="java.vendor.url.bug" value="http://bugreport.sun.com/bugreport/"/>
    <property name="sun.cpu.endian" value="little"/>
    <property name="sun.io.unicode.encoding" value="UnicodeBig"/>
    <property name="socksNonProxyHosts" value="local|*.local|169.254/16|*.169.254/16|127.0.0.1"/>
    <property name="ftp.nonProxyHosts" value="local|*.local|169.254/16|*.169.254/16|127.0.0.1"/>
    <property name="sun.cpu.isalist" value=""/>
  </properties>
  <testcase name="testAppGetRatesWithInvalidTargetParamError" classname="demo.fixer.app.FixerDemoApplicationTest" time="0.428">
    <error message="Could not read document: Can not instantiate value of type [simple type, class demo.fixer.model.Status] from Integral number (404); no single-int-arg constructor/factory method&#10; at [Source: java.io.PushbackInputStream@21280cbb; line: 2, column: 30] (through reference chain: demo.fixer.model.Result[&quot;status&quot;]); nested exception is com.fasterxml.jackson.databind.JsonMappingException: Can not instantiate value of type [simple type, class demo.fixer.model.Status] from Integral number (404); no single-int-arg constructor/factory method&#10; at [Source: java.io.PushbackInputStream@21280cbb; line: 2, column: 30] (through reference chain: demo.fixer.model.Result[&quot;status&quot;])" type="org.springframework.http.converter.HttpMessageNotReadableException">org.springframework.http.converter.HttpMessageNotReadableException: Could not read document: Can not instantiate value of type [simple type, class demo.fixer.model.Status] from Integral number (404); no single-int-arg constructor/factory method
 at [Source: java.io.PushbackInputStream@21280cbb; line: 2, column: 30] (through reference chain: demo.fixer.model.Result["status"]); nested exception is com.fasterxml.jackson.databind.JsonMappingException: Can not instantiate value of type [simple type, class demo.fixer.model.Status] from Integral number (404); no single-int-arg constructor/factory method
 at [Source: java.io.PushbackInputStream@21280cbb; line: 2, column: 30] (through reference chain: demo.fixer.model.Result["status"])
	at com.fasterxml.jackson.databind.JsonMappingException.from(JsonMappingException.java:148)
	at com.fasterxml.jackson.databind.DeserializationContext.mappingException(DeserializationContext.java:843)
	at com.fasterxml.jackson.databind.deser.std.StdValueInstantiator.createFromInt(StdValueInstantiator.java:304)
	at com.fasterxml.jackson.databind.deser.BeanDeserializerBase.deserializeFromNumber(BeanDeserializerBase.java:1107)
	at com.fasterxml.jackson.databind.deser.BeanDeserializer._deserializeOther(BeanDeserializer.java:155)
	at com.fasterxml.jackson.databind.deser.BeanDeserializer.deserialize(BeanDeserializer.java:144)
	at com.fasterxml.jackson.databind.deser.SettableBeanProperty.deserialize(SettableBeanProperty.java:523)
	at com.fasterxml.jackson.databind.deser.impl.MethodProperty.deserializeAndSet(MethodProperty.java:95)
	at com.fasterxml.jackson.databind.deser.impl.BeanPropertyMap.findDeserializeAndSet(BeanPropertyMap.java:285)
	at com.fasterxml.jackson.databind.deser.BeanDeserializer.deserializeFromObject(BeanDeserializer.java:335)
	at com.fasterxml.jackson.databind.deser.BeanDeserializer.deserialize(BeanDeserializer.java:142)
	at com.fasterxml.jackson.databind.ObjectMapper._readMapAndClose(ObjectMapper.java:3562)
	at com.fasterxml.jackson.databind.ObjectMapper.readValue(ObjectMapper.java:2662)
	at org.springframework.http.converter.json.AbstractJackson2HttpMessageConverter.readJavaType(AbstractJackson2HttpMessageConverter.java:225)
	at org.springframework.http.converter.json.AbstractJackson2HttpMessageConverter.read(AbstractJackson2HttpMessageConverter.java:213)
	at org.springframework.web.client.HttpMessageConverterExtractor.extractData(HttpMessageConverterExtractor.java:95)
	at org.springframework.web.client.RestTemplate.doExecute(RestTemplate.java:622)
	at org.springframework.web.client.RestTemplate.execute(RestTemplate.java:580)
	at org.springframework.web.client.RestTemplate.getForObject(RestTemplate.java:287)
	at org.springframework.boot.test.web.client.TestRestTemplate.getForObject(TestRestTemplate.java:180)
	at demo.fixer.app.FixerDemoApplicationTest.testAppGetRatesWithInvalidTargetParamError(FixerDemoApplicationTest.java:63)
</error>
    <system-out><![CDATA[22:23:49.044 [main] DEBUG org.springframework.test.context.junit4.SpringJUnit4ClassRunner - SpringJUnit4ClassRunner constructor called with [class demo.fixer.app.FixerDemoApplicationTest]
22:23:49.050 [main] DEBUG org.springframework.test.context.BootstrapUtils - Instantiating CacheAwareContextLoaderDelegate from class [org.springframework.test.context.cache.DefaultCacheAwareContextLoaderDelegate]
22:23:49.056 [main] DEBUG org.springframework.test.context.BootstrapUtils - Instantiating BootstrapContext using constructor [public org.springframework.test.context.support.DefaultBootstrapContext(java.lang.Class,org.springframework.test.context.CacheAwareContextLoaderDelegate)]
22:23:49.070 [main] DEBUG org.springframework.test.context.BootstrapUtils - Instantiating TestContextBootstrapper for test class [demo.fixer.app.FixerDemoApplicationTest] from class [org.springframework.boot.test.context.SpringBootTestContextBootstrapper]
22:23:49.080 [main] INFO org.springframework.boot.test.context.SpringBootTestContextBootstrapper - Neither @ContextConfiguration nor @ContextHierarchy found for test class [demo.fixer.app.FixerDemoApplicationTest], using SpringBootContextLoader
22:23:49.083 [main] DEBUG org.springframework.test.context.support.AbstractContextLoader - Did not detect default resource location for test class [demo.fixer.app.FixerDemoApplicationTest]: class path resource [demo/fixer/app/FixerDemoApplicationTest-context.xml] does not exist
22:23:49.084 [main] DEBUG org.springframework.test.context.support.AbstractContextLoader - Did not detect default resource location for test class [demo.fixer.app.FixerDemoApplicationTest]: class path resource [demo/fixer/app/FixerDemoApplicationTestContext.groovy] does not exist
22:23:49.084 [main] INFO org.springframework.test.context.support.AbstractContextLoader - Could not detect default resource locations for test class [demo.fixer.app.FixerDemoApplicationTest]: no resource found for suffixes {-context.xml, Context.groovy}.
22:23:49.084 [main] INFO org.springframework.test.context.support.AnnotationConfigContextLoaderUtils - Could not detect default configuration classes for test class [demo.fixer.app.FixerDemoApplicationTest]: FixerDemoApplicationTest does not declare any static, non-private, non-final, nested classes annotated with @Configuration.
22:23:49.118 [main] DEBUG org.springframework.test.context.support.ActiveProfilesUtils - Could not find an 'annotation declaring class' for annotation type [org.springframework.test.context.ActiveProfiles] and class [demo.fixer.app.FixerDemoApplicationTest]
22:23:49.164 [main] DEBUG org.springframework.core.env.StandardEnvironment - Adding [systemProperties] PropertySource with lowest search precedence
22:23:49.165 [main] DEBUG org.springframework.core.env.StandardEnvironment - Adding [systemEnvironment] PropertySource with lowest search precedence
22:23:49.165 [main] DEBUG org.springframework.core.env.StandardEnvironment - Initialized StandardEnvironment with PropertySources [systemProperties,systemEnvironment]
22:23:49.178 [main] DEBUG org.springframework.core.io.support.PathMatchingResourcePatternResolver - Resolved classpath location [demo/fixer/app/] to resources [URL [file:/Users/sofia/Projects/workspace/github/fixer-demo/target/test-classes/demo/fixer/app/], URL [file:/Users/sofia/Projects/workspace/github/fixer-demo/target/classes/demo/fixer/app/]]
22:23:49.178 [main] DEBUG org.springframework.core.io.support.PathMatchingResourcePatternResolver - Looking for matching resources in directory tree [/Users/sofia/Projects/workspace/github/fixer-demo/target/test-classes/demo/fixer/app]
22:23:49.178 [main] DEBUG org.springframework.core.io.support.PathMatchingResourcePatternResolver - Searching directory [/Users/sofia/Projects/workspace/github/fixer-demo/target/test-classes/demo/fixer/app] for files matching pattern [/Users/sofia/Projects/workspace/github/fixer-demo/target/test-classes/demo/fixer/app/*.class]
22:23:49.181 [main] DEBUG org.springframework.core.io.support.PathMatchingResourcePatternResolver - Looking for matching resources in directory tree [/Users/sofia/Projects/workspace/github/fixer-demo/target/classes/demo/fixer/app]
22:23:49.181 [main] DEBUG org.springframework.core.io.support.PathMatchingResourcePatternResolver - Searching directory [/Users/sofia/Projects/workspace/github/fixer-demo/target/classes/demo/fixer/app] for files matching pattern [/Users/sofia/Projects/workspace/github/fixer-demo/target/classes/demo/fixer/app/*.class]
22:23:49.182 [main] DEBUG org.springframework.core.io.support.PathMatchingResourcePatternResolver - Resolved location pattern [classpath*:demo/fixer/app/*.class] to resources [file [/Users/sofia/Projects/workspace/github/fixer-demo/target/test-classes/demo/fixer/app/FixerDemoApplicationTest.class], file [/Users/sofia/Projects/workspace/github/fixer-demo/target/classes/demo/fixer/app/FixerDemoApplication.class]]
22:23:49.222 [main] DEBUG org.springframework.context.annotation.ClassPathScanningCandidateComponentProvider - Identified candidate component class: file [/Users/sofia/Projects/workspace/github/fixer-demo/target/classes/demo/fixer/app/FixerDemoApplication.class]
22:23:49.222 [main] INFO org.springframework.boot.test.context.SpringBootTestContextBootstrapper - Found @SpringBootConfiguration demo.fixer.app.FixerDemoApplication for test class demo.fixer.app.FixerDemoApplicationTest
22:23:49.225 [main] DEBUG org.springframework.boot.test.context.SpringBootTestContextBootstrapper - @TestExecutionListeners is not present for class [demo.fixer.app.FixerDemoApplicationTest]: using defaults.
22:23:49.228 [main] INFO org.springframework.boot.test.context.SpringBootTestContextBootstrapper - Loaded default TestExecutionListener class names from location [META-INF/spring.factories]: [org.springframework.boot.test.mock.mockito.MockitoTestExecutionListener, org.springframework.boot.test.mock.mockito.ResetMocksTestExecutionListener, org.springframework.boot.test.autoconfigure.restdocs.RestDocsTestExecutionListener, org.springframework.boot.test.autoconfigure.web.client.MockRestServiceServerResetTestExecutionListener, org.springframework.boot.test.autoconfigure.web.servlet.MockMvcPrintOnlyOnFailureTestExecutionListener, org.springframework.boot.test.autoconfigure.web.servlet.WebDriverTestExecutionListener, org.springframework.test.context.web.ServletTestExecutionListener, org.springframework.test.context.support.DirtiesContextBeforeModesTestExecutionListener, org.springframework.test.context.support.DependencyInjectionTestExecutionListener, org.springframework.test.context.support.DirtiesContextTestExecutionListener, org.springframework.test.context.transaction.TransactionalTestExecutionListener, org.springframework.test.context.jdbc.SqlScriptsTestExecutionListener]
22:23:49.247 [main] INFO org.springframework.boot.test.context.SpringBootTestContextBootstrapper - Using TestExecutionListeners: [org.springframework.test.context.web.ServletTestExecutionListener@2ed0fbae, org.springframework.test.context.support.DirtiesContextBeforeModesTestExecutionListener@212bf671, org.springframework.boot.test.autoconfigure.SpringBootDependencyInjectionTestExecutionListener@14a2f921, org.springframework.test.context.support.DirtiesContextTestExecutionListener@3c87521, org.springframework.test.context.transaction.TransactionalTestExecutionListener@2aece37d, org.springframework.test.context.jdbc.SqlScriptsTestExecutionListener@548a102f, org.springframework.boot.test.autoconfigure.web.servlet.MockMvcPrintOnlyOnFailureTestExecutionListener@5762806e, org.springframework.boot.test.autoconfigure.web.client.MockRestServiceServerResetTestExecutionListener@17c386de, org.springframework.boot.test.autoconfigure.web.servlet.WebDriverTestExecutionListener@5af97850, org.springframework.boot.test.mock.mockito.ResetMocksTestExecutionListener@5ef60048, org.springframework.boot.test.autoconfigure.restdocs.RestDocsTestExecutionListener@1d548a08, org.springframework.boot.test.mock.mockito.MockitoTestExecutionListener@16aa0a0a]
22:23:49.251 [main] DEBUG org.springframework.test.context.junit4.SpringJUnit4ClassRunner - SpringJUnit4ClassRunner constructor called with [class demo.fixer.controller.CurrencyRateServiceControllerTest]
22:23:49.252 [main] DEBUG org.springframework.test.context.BootstrapUtils - Instantiating CacheAwareContextLoaderDelegate from class [org.springframework.test.context.cache.DefaultCacheAwareContextLoaderDelegate]
22:23:49.252 [main] DEBUG org.springframework.test.context.BootstrapUtils - Instantiating BootstrapContext using constructor [public org.springframework.test.context.support.DefaultBootstrapContext(java.lang.Class,org.springframework.test.context.CacheAwareContextLoaderDelegate)]
22:23:49.252 [main] DEBUG org.springframework.test.context.BootstrapUtils - Instantiating TestContextBootstrapper for test class [demo.fixer.controller.CurrencyRateServiceControllerTest] from class [org.springframework.test.context.support.DefaultTestContextBootstrapper]
22:23:49.258 [main] INFO org.springframework.test.context.support.DefaultTestContextBootstrapper - Neither @ContextConfiguration nor @ContextHierarchy found for test class [demo.fixer.controller.CurrencyRateServiceControllerTest], using DelegatingSmartContextLoader
22:23:49.261 [main] DEBUG org.springframework.test.context.support.AbstractDelegatingSmartContextLoader - Delegating to GenericGroovyXmlContextLoader to process context configuration [ContextConfigurationAttributes@15761df8 declaringClass = 'demo.fixer.controller.CurrencyRateServiceControllerTest', classes = '{}', locations = '{}', inheritLocations = false, initializers = '{}', inheritInitializers = true, name = [null], contextLoaderClass = 'org.springframework.test.context.ContextLoader'].
22:23:49.261 [main] DEBUG org.springframework.test.context.support.AbstractContextLoader - Did not detect default resource location for test class [demo.fixer.controller.CurrencyRateServiceControllerTest]: class path resource [demo/fixer/controller/CurrencyRateServiceControllerTest-context.xml] does not exist
22:23:49.261 [main] DEBUG org.springframework.test.context.support.AbstractContextLoader - Did not detect default resource location for test class [demo.fixer.controller.CurrencyRateServiceControllerTest]: class path resource [demo/fixer/controller/CurrencyRateServiceControllerTestContext.groovy] does not exist
22:23:49.262 [main] INFO org.springframework.test.context.support.AbstractContextLoader - Could not detect default resource locations for test class [demo.fixer.controller.CurrencyRateServiceControllerTest]: no resource found for suffixes {-context.xml, Context.groovy}.
22:23:49.262 [main] DEBUG org.springframework.test.context.support.AbstractDelegatingSmartContextLoader - Delegating to AnnotationConfigContextLoader to process context configuration [ContextConfigurationAttributes@15761df8 declaringClass = 'demo.fixer.controller.CurrencyRateServiceControllerTest', classes = '{}', locations = '{}', inheritLocations = false, initializers = '{}', inheritInitializers = true, name = [null], contextLoaderClass = 'org.springframework.test.context.ContextLoader'].
22:23:49.262 [main] INFO org.springframework.test.context.support.AnnotationConfigContextLoaderUtils - Could not detect default configuration classes for test class [demo.fixer.controller.CurrencyRateServiceControllerTest]: CurrencyRateServiceControllerTest does not declare any static, non-private, non-final, nested classes annotated with @Configuration.
22:23:49.265 [main] DEBUG org.springframework.test.context.support.ActiveProfilesUtils - Could not find an 'annotation declaring class' for annotation type [org.springframework.test.context.ActiveProfiles] and class [demo.fixer.controller.CurrencyRateServiceControllerTest]
22:23:49.265 [main] DEBUG org.springframework.test.context.support.DefaultTestContextBootstrapper - @TestExecutionListeners is not present for class [demo.fixer.controller.CurrencyRateServiceControllerTest]: using defaults.
22:23:49.267 [main] INFO org.springframework.test.context.support.DefaultTestContextBootstrapper - Loaded default TestExecutionListener class names from location [META-INF/spring.factories]: [org.springframework.boot.test.mock.mockito.MockitoTestExecutionListener, org.springframework.boot.test.mock.mockito.ResetMocksTestExecutionListener, org.springframework.boot.test.autoconfigure.restdocs.RestDocsTestExecutionListener, org.springframework.boot.test.autoconfigure.web.client.MockRestServiceServerResetTestExecutionListener, org.springframework.boot.test.autoconfigure.web.servlet.MockMvcPrintOnlyOnFailureTestExecutionListener, org.springframework.boot.test.autoconfigure.web.servlet.WebDriverTestExecutionListener, org.springframework.test.context.web.ServletTestExecutionListener, org.springframework.test.context.support.DirtiesContextBeforeModesTestExecutionListener, org.springframework.test.context.support.DependencyInjectionTestExecutionListener, org.springframework.test.context.support.DirtiesContextTestExecutionListener, org.springframework.test.context.transaction.TransactionalTestExecutionListener, org.springframework.test.context.jdbc.SqlScriptsTestExecutionListener]
22:23:49.268 [main] INFO org.springframework.test.context.support.DefaultTestContextBootstrapper - Using TestExecutionListeners: [org.springframework.test.context.web.ServletTestExecutionListener@501edcf1, org.springframework.test.context.support.DirtiesContextBeforeModesTestExecutionListener@78b729e6, org.springframework.test.context.support.DependencyInjectionTestExecutionListener@6b4a4e18, org.springframework.test.context.support.DirtiesContextTestExecutionListener@27c86f2d, org.springframework.test.context.transaction.TransactionalTestExecutionListener@197d671, org.springframework.test.context.jdbc.SqlScriptsTestExecutionListener@402e37bc, org.springframework.boot.test.autoconfigure.web.servlet.MockMvcPrintOnlyOnFailureTestExecutionListener@79ad8b2f, org.springframework.boot.test.autoconfigure.web.client.MockRestServiceServerResetTestExecutionListener@1df82230, org.springframework.boot.test.autoconfigure.web.servlet.WebDriverTestExecutionListener@22635ba0, org.springframework.boot.test.mock.mockito.ResetMocksTestExecutionListener@13c10b87, org.springframework.boot.test.autoconfigure.restdocs.RestDocsTestExecutionListener@6a01e23, org.springframework.boot.test.mock.mockito.MockitoTestExecutionListener@5a955565]
22:23:49.269 [main] DEBUG org.springframework.test.context.junit4.SpringJUnit4ClassRunner - SpringJUnit4ClassRunner constructor called with [class demo.fixer.service.CurrencyRateServiceImplTest]
22:23:49.269 [main] DEBUG org.springframework.test.context.BootstrapUtils - Instantiating CacheAwareContextLoaderDelegate from class [org.springframework.test.context.cache.DefaultCacheAwareContextLoaderDelegate]
22:23:49.269 [main] DEBUG org.springframework.test.context.BootstrapUtils - Instantiating BootstrapContext using constructor [public org.springframework.test.context.support.DefaultBootstrapContext(java.lang.Class,org.springframework.test.context.CacheAwareContextLoaderDelegate)]
22:23:49.269 [main] DEBUG org.springframework.test.context.BootstrapUtils - Instantiating TestContextBootstrapper for test class [demo.fixer.service.CurrencyRateServiceImplTest] from class [org.springframework.test.context.support.DefaultTestContextBootstrapper]
22:23:49.269 [main] INFO org.springframework.test.context.support.DefaultTestContextBootstrapper - Neither @ContextConfiguration nor @ContextHierarchy found for test class [demo.fixer.service.CurrencyRateServiceImplTest], using DelegatingSmartContextLoader
22:23:49.270 [main] DEBUG org.springframework.test.context.support.AbstractDelegatingSmartContextLoader - Delegating to GenericGroovyXmlContextLoader to process context configuration [ContextConfigurationAttributes@6293abcc declaringClass = 'demo.fixer.service.CurrencyRateServiceImplTest', classes = '{}', locations = '{}', inheritLocations = false, initializers = '{}', inheritInitializers = true, name = [null], contextLoaderClass = 'org.springframework.test.context.ContextLoader'].
22:23:49.270 [main] DEBUG org.springframework.test.context.support.AbstractContextLoader - Did not detect default resource location for test class [demo.fixer.service.CurrencyRateServiceImplTest]: class path resource [demo/fixer/service/CurrencyRateServiceImplTest-context.xml] does not exist
22:23:49.270 [main] DEBUG org.springframework.test.context.support.AbstractContextLoader - Did not detect default resource location for test class [demo.fixer.service.CurrencyRateServiceImplTest]: class path resource [demo/fixer/service/CurrencyRateServiceImplTestContext.groovy] does not exist
22:23:49.271 [main] INFO org.springframework.test.context.support.AbstractContextLoader - Could not detect default resource locations for test class [demo.fixer.service.CurrencyRateServiceImplTest]: no resource found for suffixes {-context.xml, Context.groovy}.
22:23:49.271 [main] DEBUG org.springframework.test.context.support.AbstractDelegatingSmartContextLoader - Delegating to AnnotationConfigContextLoader to process context configuration [ContextConfigurationAttributes@6293abcc declaringClass = 'demo.fixer.service.CurrencyRateServiceImplTest', classes = '{}', locations = '{}', inheritLocations = false, initializers = '{}', inheritInitializers = true, name = [null], contextLoaderClass = 'org.springframework.test.context.ContextLoader'].
22:23:49.271 [main] INFO org.springframework.test.context.support.AnnotationConfigContextLoaderUtils - Could not detect default configuration classes for test class [demo.fixer.service.CurrencyRateServiceImplTest]: CurrencyRateServiceImplTest does not declare any static, non-private, non-final, nested classes annotated with @Configuration.
22:23:49.274 [main] DEBUG org.springframework.test.context.support.ActiveProfilesUtils - Could not find an 'annotation declaring class' for annotation type [org.springframework.test.context.ActiveProfiles] and class [demo.fixer.service.CurrencyRateServiceImplTest]
22:23:49.274 [main] DEBUG org.springframework.test.context.support.DefaultTestContextBootstrapper - @TestExecutionListeners is not present for class [demo.fixer.service.CurrencyRateServiceImplTest]: using defaults.
22:23:49.277 [main] INFO org.springframework.test.context.support.DefaultTestContextBootstrapper - Loaded default TestExecutionListener class names from location [META-INF/spring.factories]: [org.springframework.boot.test.mock.mockito.MockitoTestExecutionListener, org.springframework.boot.test.mock.mockito.ResetMocksTestExecutionListener, org.springframework.boot.test.autoconfigure.restdocs.RestDocsTestExecutionListener, org.springframework.boot.test.autoconfigure.web.client.MockRestServiceServerResetTestExecutionListener, org.springframework.boot.test.autoconfigure.web.servlet.MockMvcPrintOnlyOnFailureTestExecutionListener, org.springframework.boot.test.autoconfigure.web.servlet.WebDriverTestExecutionListener, org.springframework.test.context.web.ServletTestExecutionListener, org.springframework.test.context.support.DirtiesContextBeforeModesTestExecutionListener, org.springframework.test.context.support.DependencyInjectionTestExecutionListener, org.springframework.test.context.support.DirtiesContextTestExecutionListener, org.springframework.test.context.transaction.TransactionalTestExecutionListener, org.springframework.test.context.jdbc.SqlScriptsTestExecutionListener]
22:23:49.277 [main] INFO org.springframework.test.context.support.DefaultTestContextBootstrapper - Using TestExecutionListeners: [org.springframework.test.context.web.ServletTestExecutionListener@3d121db3, org.springframework.test.context.support.DirtiesContextBeforeModesTestExecutionListener@3b07a0d6, org.springframework.test.context.support.DependencyInjectionTestExecutionListener@11a9e7c8, org.springframework.test.context.support.DirtiesContextTestExecutionListener@3901d134, org.springframework.test.context.transaction.TransactionalTestExecutionListener@14d3bc22, org.springframework.test.context.jdbc.SqlScriptsTestExecutionListener@12d4bf7e, org.springframework.boot.test.autoconfigure.web.servlet.MockMvcPrintOnlyOnFailureTestExecutionListener@4c1d9d4b, org.springframework.boot.test.autoconfigure.web.client.MockRestServiceServerResetTestExecutionListener@7b227d8d, org.springframework.boot.test.autoconfigure.web.servlet.WebDriverTestExecutionListener@7219ec67, org.springframework.boot.test.mock.mockito.ResetMocksTestExecutionListener@45018215, org.springframework.boot.test.autoconfigure.restdocs.RestDocsTestExecutionListener@65d6b83b, org.springframework.boot.test.mock.mockito.MockitoTestExecutionListener@d706f19]
22:23:49.280 [main] DEBUG org.springframework.test.annotation.ProfileValueUtils - Retrieved @ProfileValueSourceConfiguration [null] for test class [demo.fixer.app.FixerDemoApplicationTest]
22:23:49.281 [main] DEBUG org.springframework.test.annotation.ProfileValueUtils - Retrieved ProfileValueSource type [class org.springframework.test.annotation.SystemProfileValueSource] for class [demo.fixer.app.FixerDemoApplicationTest]
22:23:49.282 [main] DEBUG org.springframework.test.annotation.ProfileValueUtils - Retrieved @ProfileValueSourceConfiguration [null] for test class [demo.fixer.controller.CurrencyRateServiceControllerTest]
22:23:49.282 [main] DEBUG org.springframework.test.annotation.ProfileValueUtils - Retrieved ProfileValueSource type [class org.springframework.test.annotation.SystemProfileValueSource] for class [demo.fixer.controller.CurrencyRateServiceControllerTest]
22:23:49.282 [main] DEBUG org.springframework.test.annotation.ProfileValueUtils - Retrieved @ProfileValueSourceConfiguration [null] for test class [demo.fixer.service.CurrencyRateServiceImplTest]
22:23:49.282 [main] DEBUG org.springframework.test.annotation.ProfileValueUtils - Retrieved ProfileValueSource type [class org.springframework.test.annotation.SystemProfileValueSource] for class [demo.fixer.service.CurrencyRateServiceImplTest]
22:23:49.284 [main] DEBUG org.springframework.test.context.junit4.SpringJUnit4ClassRunner - SpringJUnit4ClassRunner constructor called with [class demo.fixer.app.FixerDemoApplicationTest]
22:23:49.284 [main] DEBUG org.springframework.test.context.BootstrapUtils - Instantiating CacheAwareContextLoaderDelegate from class [org.springframework.test.context.cache.DefaultCacheAwareContextLoaderDelegate]
22:23:49.284 [main] DEBUG org.springframework.test.context.BootstrapUtils - Instantiating BootstrapContext using constructor [public org.springframework.test.context.support.DefaultBootstrapContext(java.lang.Class,org.springframework.test.context.CacheAwareContextLoaderDelegate)]
22:23:49.285 [main] DEBUG org.springframework.test.context.BootstrapUtils - Instantiating TestContextBootstrapper for test class [demo.fixer.app.FixerDemoApplicationTest] from class [org.springframework.boot.test.context.SpringBootTestContextBootstrapper]
22:23:49.285 [main] INFO org.springframework.boot.test.context.SpringBootTestContextBootstrapper - Neither @ContextConfiguration nor @ContextHierarchy found for test class [demo.fixer.app.FixerDemoApplicationTest], using SpringBootContextLoader
22:23:49.286 [main] DEBUG org.springframework.test.context.support.AbstractContextLoader - Did not detect default resource location for test class [demo.fixer.app.FixerDemoApplicationTest]: class path resource [demo/fixer/app/FixerDemoApplicationTest-context.xml] does not exist
22:23:49.286 [main] DEBUG org.springframework.test.context.support.AbstractContextLoader - Did not detect default resource location for test class [demo.fixer.app.FixerDemoApplicationTest]: class path resource [demo/fixer/app/FixerDemoApplicationTestContext.groovy] does not exist
22:23:49.286 [main] INFO org.springframework.test.context.support.AbstractContextLoader - Could not detect default resource locations for test class [demo.fixer.app.FixerDemoApplicationTest]: no resource found for suffixes {-context.xml, Context.groovy}.
22:23:49.286 [main] INFO org.springframework.test.context.support.AnnotationConfigContextLoaderUtils - Could not detect default configuration classes for test class [demo.fixer.app.FixerDemoApplicationTest]: FixerDemoApplicationTest does not declare any static, non-private, non-final, nested classes annotated with @Configuration.
22:23:49.289 [main] DEBUG org.springframework.test.context.support.ActiveProfilesUtils - Could not find an 'annotation declaring class' for annotation type [org.springframework.test.context.ActiveProfiles] and class [demo.fixer.app.FixerDemoApplicationTest]
22:23:49.290 [main] DEBUG org.springframework.core.env.StandardEnvironment - Adding [systemProperties] PropertySource with lowest search precedence
22:23:49.290 [main] DEBUG org.springframework.core.env.StandardEnvironment - Adding [systemEnvironment] PropertySource with lowest search precedence
22:23:49.290 [main] DEBUG org.springframework.core.env.StandardEnvironment - Initialized StandardEnvironment with PropertySources [systemProperties,systemEnvironment]
22:23:49.290 [main] INFO org.springframework.boot.test.context.SpringBootTestContextBootstrapper - Found @SpringBootConfiguration demo.fixer.app.FixerDemoApplication for test class demo.fixer.app.FixerDemoApplicationTest
22:23:49.292 [main] DEBUG org.springframework.boot.test.context.SpringBootTestContextBootstrapper - @TestExecutionListeners is not present for class [demo.fixer.app.FixerDemoApplicationTest]: using defaults.
22:23:49.293 [main] INFO org.springframework.boot.test.context.SpringBootTestContextBootstrapper - Loaded default TestExecutionListener class names from location [META-INF/spring.factories]: [org.springframework.boot.test.mock.mockito.MockitoTestExecutionListener, org.springframework.boot.test.mock.mockito.ResetMocksTestExecutionListener, org.springframework.boot.test.autoconfigure.restdocs.RestDocsTestExecutionListener, org.springframework.boot.test.autoconfigure.web.client.MockRestServiceServerResetTestExecutionListener, org.springframework.boot.test.autoconfigure.web.servlet.MockMvcPrintOnlyOnFailureTestExecutionListener, org.springframework.boot.test.autoconfigure.web.servlet.WebDriverTestExecutionListener, org.springframework.test.context.web.ServletTestExecutionListener, org.springframework.test.context.support.DirtiesContextBeforeModesTestExecutionListener, org.springframework.test.context.support.DependencyInjectionTestExecutionListener, org.springframework.test.context.support.DirtiesContextTestExecutionListener, org.springframework.test.context.transaction.TransactionalTestExecutionListener, org.springframework.test.context.jdbc.SqlScriptsTestExecutionListener]
22:23:49.295 [main] INFO org.springframework.boot.test.context.SpringBootTestContextBootstrapper - Using TestExecutionListeners: [org.springframework.test.context.web.ServletTestExecutionListener@3cc2931c, org.springframework.test.context.support.DirtiesContextBeforeModesTestExecutionListener@20d28811, org.springframework.boot.test.autoconfigure.SpringBootDependencyInjectionTestExecutionListener@3967e60c, org.springframework.test.context.support.DirtiesContextTestExecutionListener@60d8c9b7, org.springframework.test.context.transaction.TransactionalTestExecutionListener@48aaecc3, org.springframework.test.context.jdbc.SqlScriptsTestExecutionListener@7c0c77c7, org.springframework.boot.test.autoconfigure.web.servlet.MockMvcPrintOnlyOnFailureTestExecutionListener@7adda9cc, org.springframework.boot.test.autoconfigure.web.client.MockRestServiceServerResetTestExecutionListener@5cee5251, org.springframework.boot.test.autoconfigure.web.servlet.WebDriverTestExecutionListener@433d61fb, org.springframework.boot.test.mock.mockito.ResetMocksTestExecutionListener@5c909414, org.springframework.boot.test.autoconfigure.restdocs.RestDocsTestExecutionListener@4b14c583, org.springframework.boot.test.mock.mockito.MockitoTestExecutionListener@65466a6a]
22:23:49.295 [main] DEBUG org.springframework.test.annotation.ProfileValueUtils - Retrieved @ProfileValueSourceConfiguration [null] for test class [demo.fixer.app.FixerDemoApplicationTest]
22:23:49.295 [main] DEBUG org.springframework.test.annotation.ProfileValueUtils - Retrieved ProfileValueSource type [class org.springframework.test.annotation.SystemProfileValueSource] for class [demo.fixer.app.FixerDemoApplicationTest]
22:23:49.296 [main] DEBUG org.springframework.test.annotation.ProfileValueUtils - Retrieved @ProfileValueSourceConfiguration [null] for test class [demo.fixer.app.FixerDemoApplicationTest]
22:23:49.296 [main] DEBUG org.springframework.test.annotation.ProfileValueUtils - Retrieved ProfileValueSource type [class org.springframework.test.annotation.SystemProfileValueSource] for class [demo.fixer.app.FixerDemoApplicationTest]
22:23:49.298 [main] DEBUG org.springframework.test.context.support.AbstractDirtiesContextTestExecutionListener - Before test class: context [DefaultTestContext@3eb7fc54 testClass = FixerDemoApplicationTest, testInstance = [null], testMethod = [null], testException = [null], mergedContextConfiguration = [WebMergedContextConfiguration@7f552bd3 testClass = FixerDemoApplicationTest, locations = '{}', classes = '{class demo.fixer.app.FixerDemoApplication}', contextInitializerClasses = '[]', activeProfiles = '{}', propertySourceLocations = '{}', propertySourceProperties = '{org.springframework.boot.test.context.SpringBootTestContextBootstrapper=true}', contextCustomizers = set[org.springframework.boot.test.context.SpringBootTestContextCustomizer@47ef968d, org.springframework.boot.test.context.filter.ExcludeFilterContextCustomizer@5ae63ade, org.springframework.boot.test.mock.mockito.MockitoContextCustomizer@0, org.springframework.boot.test.autoconfigure.properties.PropertyMappingContextCustomizer@0, org.springframework.boot.test.autoconfigure.web.servlet.WebDriverContextCustomizerFactory$Customizer@76707e36], resourceBasePath = 'src/main/webapp', contextLoader = 'org.springframework.boot.test.context.SpringBootContextLoader', parent = [null]]], class annotated with @DirtiesContext [false] with mode [null].
22:23:49.299 [main] DEBUG org.springframework.test.annotation.ProfileValueUtils - Retrieved @ProfileValueSourceConfiguration [null] for test class [demo.fixer.app.FixerDemoApplicationTest]
22:23:49.299 [main] DEBUG org.springframework.test.annotation.ProfileValueUtils - Retrieved ProfileValueSource type [class org.springframework.test.annotation.SystemProfileValueSource] for class [demo.fixer.app.FixerDemoApplicationTest]
22:23:49.301 [main] DEBUG org.springframework.test.context.support.DependencyInjectionTestExecutionListener - Performing dependency injection for test context [[DefaultTestContext@3eb7fc54 testClass = FixerDemoApplicationTest, testInstance = demo.fixer.app.FixerDemoApplicationTest@6af93788, testMethod = [null], testException = [null], mergedContextConfiguration = [WebMergedContextConfiguration@7f552bd3 testClass = FixerDemoApplicationTest, locations = '{}', classes = '{class demo.fixer.app.FixerDemoApplication}', contextInitializerClasses = '[]', activeProfiles = '{}', propertySourceLocations = '{}', propertySourceProperties = '{org.springframework.boot.test.context.SpringBootTestContextBootstrapper=true}', contextCustomizers = set[org.springframework.boot.test.context.SpringBootTestContextCustomizer@47ef968d, org.springframework.boot.test.context.filter.ExcludeFilterContextCustomizer@5ae63ade, org.springframework.boot.test.mock.mockito.MockitoContextCustomizer@0, org.springframework.boot.test.autoconfigure.properties.PropertyMappingContextCustomizer@0, org.springframework.boot.test.autoconfigure.web.servlet.WebDriverContextCustomizerFactory$Customizer@76707e36], resourceBasePath = 'src/main/webapp', contextLoader = 'org.springframework.boot.test.context.SpringBootContextLoader', parent = [null]]]].
22:23:49.323 [main] DEBUG org.springframework.core.env.StandardEnvironment - Adding [systemProperties] PropertySource with lowest search precedence
22:23:49.324 [main] DEBUG org.springframework.core.env.StandardEnvironment - Adding [systemEnvironment] PropertySource with lowest search precedence
22:23:49.324 [main] DEBUG org.springframework.core.env.StandardEnvironment - Initialized StandardEnvironment with PropertySources [systemProperties,systemEnvironment]
22:23:49.324 [main] DEBUG org.springframework.test.context.support.TestPropertySourceUtils - Adding inlined properties to environment: {spring.jmx.enabled=false, org.springframework.boot.test.context.SpringBootTestContextBootstrapper=true}
22:23:49.325 [main] DEBUG org.springframework.core.env.StandardEnvironment - Adding [Inlined Test Properties] PropertySource with highest search precedence

  .   ____          _            __ _ _
 /\\ / ___'_ __ _ _(_)_ __  __ _ \ \ \ \
( ( )\___ | '_ | '_| | '_ \/ _` | \ \ \ \
 \\/  ___)| |_)| | | | | || (_| |  ) ) ) )
  '  |____| .__|_| |_|_| |_\__, | / / / /
 =========|_|==============|___/=/_/_/_/
 :: Spring Boot ::        (v1.4.2.RELEASE)

2017-04-15 22:23:49.678  INFO 82082 --- [           main] demo.fixer.app.FixerDemoApplicationTest  : Starting FixerDemoApplicationTest on sofia-mac-pro.local with PID 82082 (started by sofia in /Users/sofia/Projects/workspace/github/fixer-demo)
2017-04-15 22:23:49.679  INFO 82082 --- [           main] demo.fixer.app.FixerDemoApplicationTest  : No active profile set, falling back to default profiles: default
2017-04-15 22:23:49.907  INFO 82082 --- [           main] ationConfigEmbeddedWebApplicationContext : Refreshing org.springframework.boot.context.embedded.AnnotationConfigEmbeddedWebApplicationContext@65f8f5ae: startup date [Sat Apr 15 22:23:49 EDT 2017]; root of context hierarchy
2017-04-15 22:23:51.045  INFO 82082 --- [           main] trationDelegate$BeanPostProcessorChecker : Bean 'org.springframework.transaction.annotation.ProxyTransactionManagementConfiguration' of type [class org.springframework.transaction.annotation.ProxyTransactionManagementConfiguration$$EnhancerBySpringCGLIB$$925a2ef2] is not eligible for getting processed by all BeanPostProcessors (for example: not eligible for auto-proxying)
2017-04-15 22:23:51.454  INFO 82082 --- [           main] s.b.c.e.t.TomcatEmbeddedServletContainer : Tomcat initialized with port(s): 9000 (http)
2017-04-15 22:23:51.466  INFO 82082 --- [           main] o.apache.catalina.core.StandardService   : Starting service Tomcat
2017-04-15 22:23:51.467  INFO 82082 --- [           main] org.apache.catalina.core.StandardEngine  : Starting Servlet Engine: Apache Tomcat/8.5.6
2017-04-15 22:23:51.583  INFO 82082 --- [ost-startStop-1] o.a.c.c.C.[Tomcat].[localhost].[/]       : Initializing Spring embedded WebApplicationContext
2017-04-15 22:23:51.583  INFO 82082 --- [ost-startStop-1] o.s.web.context.ContextLoader            : Root WebApplicationContext: initialization completed in 1679 ms
2017-04-15 22:23:51.752  INFO 82082 --- [ost-startStop-1] o.s.b.w.servlet.ServletRegistrationBean  : Mapping servlet: 'dispatcherServlet' to [/]
2017-04-15 22:23:51.755  INFO 82082 --- [ost-startStop-1] o.s.b.w.servlet.FilterRegistrationBean   : Mapping filter: 'characterEncodingFilter' to: [/*]
2017-04-15 22:23:51.756  INFO 82082 --- [ost-startStop-1] o.s.b.w.servlet.FilterRegistrationBean   : Mapping filter: 'hiddenHttpMethodFilter' to: [/*]
2017-04-15 22:23:51.756  INFO 82082 --- [ost-startStop-1] o.s.b.w.servlet.FilterRegistrationBean   : Mapping filter: 'httpPutFormContentFilter' to: [/*]
2017-04-15 22:23:51.756  INFO 82082 --- [ost-startStop-1] o.s.b.w.servlet.FilterRegistrationBean   : Mapping filter: 'requestContextFilter' to: [/*]
2017-04-15 22:23:52.101  INFO 82082 --- [           main] j.LocalContainerEntityManagerFactoryBean : Building JPA container EntityManagerFactory for persistence unit 'default'
2017-04-15 22:23:52.117  INFO 82082 --- [           main] o.hibernate.jpa.internal.util.LogHelper  : HHH000204: Processing PersistenceUnitInfo [
	name: default
	...]
2017-04-15 22:23:52.283  INFO 82082 --- [           main] org.hibernate.Version                    : HHH000412: Hibernate Core {5.0.11.Final}
2017-04-15 22:23:52.284  INFO 82082 --- [           main] org.hibernate.cfg.Environment            : HHH000206: hibernate.properties not found
2017-04-15 22:23:52.285  INFO 82082 --- [           main] org.hibernate.cfg.Environment            : HHH000021: Bytecode provider name : javassist
2017-04-15 22:23:52.319  INFO 82082 --- [           main] o.hibernate.annotations.common.Version   : HCANN000001: Hibernate Commons Annotations {5.0.1.Final}
2017-04-15 22:23:52.407  INFO 82082 --- [           main] org.hibernate.dialect.Dialect            : HHH000400: Using dialect: org.hibernate.dialect.H2Dialect
2017-04-15 22:23:52.596  INFO 82082 --- [           main] org.hibernate.tool.hbm2ddl.SchemaExport  : HHH000227: Running hbm2ddl schema export
2017-04-15 22:23:52.598  INFO 82082 --- [           main] org.hibernate.tool.hbm2ddl.SchemaExport  : HHH000230: Schema export complete
2017-04-15 22:23:52.624  INFO 82082 --- [           main] j.LocalContainerEntityManagerFactoryBean : Initialized JPA EntityManagerFactory for persistence unit 'default'
2017-04-15 22:23:53.094  INFO 82082 --- [           main] s.w.s.m.m.a.RequestMappingHandlerAdapter : Looking for @ControllerAdvice: org.springframework.boot.context.embedded.AnnotationConfigEmbeddedWebApplicationContext@65f8f5ae: startup date [Sat Apr 15 22:23:49 EDT 2017]; root of context hierarchy
2017-04-15 22:23:53.170  INFO 82082 --- [           main] s.w.s.m.m.a.RequestMappingHandlerMapping : Mapped "{[/error]}" onto public org.springframework.http.ResponseEntity<java.util.Map<java.lang.String, java.lang.Object>> org.springframework.boot.autoconfigure.web.BasicErrorController.error(javax.servlet.http.HttpServletRequest)
2017-04-15 22:23:53.171  INFO 82082 --- [           main] s.w.s.m.m.a.RequestMappingHandlerMapping : Mapped "{[/error],produces=[text/html]}" onto public org.springframework.web.servlet.ModelAndView org.springframework.boot.autoconfigure.web.BasicErrorController.errorHtml(javax.servlet.http.HttpServletRequest,javax.servlet.http.HttpServletResponse)
2017-04-15 22:23:53.204  INFO 82082 --- [           main] o.s.w.s.handler.SimpleUrlHandlerMapping  : Mapped URL path [/webjars/**] onto handler of type [class org.springframework.web.servlet.resource.ResourceHttpRequestHandler]
2017-04-15 22:23:53.204  INFO 82082 --- [           main] o.s.w.s.handler.SimpleUrlHandlerMapping  : Mapped URL path [/**] onto handler of type [class org.springframework.web.servlet.resource.ResourceHttpRequestHandler]
2017-04-15 22:23:53.242  INFO 82082 --- [           main] o.s.w.s.handler.SimpleUrlHandlerMapping  : Mapped URL path [/**/favicon.ico] onto handler of type [class org.springframework.web.servlet.resource.ResourceHttpRequestHandler]
2017-04-15 22:23:53.847  INFO 82082 --- [           main] s.b.c.e.t.TomcatEmbeddedServletContainer : Tomcat started on port(s): 9000 (http)
2017-04-15 22:23:53.851  INFO 82082 --- [           main] demo.fixer.app.FixerDemoApplicationTest  : Started FixerDemoApplicationTest in 4.525 seconds (JVM running for 5.122)
2017-04-15 22:23:54.068  INFO 82082 --- [nio-9000-exec-1] o.a.c.c.C.[Tomcat].[localhost].[/]       : Initializing Spring FrameworkServlet 'dispatcherServlet'
2017-04-15 22:23:54.069  INFO 82082 --- [nio-9000-exec-1] o.s.web.servlet.DispatcherServlet        : FrameworkServlet 'dispatcherServlet': initialization started
2017-04-15 22:23:54.118  INFO 82082 --- [nio-9000-exec-1] o.s.web.servlet.DispatcherServlet        : FrameworkServlet 'dispatcherServlet': initialization completed in 49 ms
]]></system-out>
  </testcase>
  <testcase name="testAppGetRatesWithInvalidTimestampParamError" classname="demo.fixer.app.FixerDemoApplicationTest" time="0.012">
    <error message="Could not read document: Can not instantiate value of type [simple type, class demo.fixer.model.Status] from Integral number (404); no single-int-arg constructor/factory method&#10; at [Source: java.io.PushbackInputStream@27502e5c; line: 2, column: 30] (through reference chain: demo.fixer.model.Result[&quot;status&quot;]); nested exception is com.fasterxml.jackson.databind.JsonMappingException: Can not instantiate value of type [simple type, class demo.fixer.model.Status] from Integral number (404); no single-int-arg constructor/factory method&#10; at [Source: java.io.PushbackInputStream@27502e5c; line: 2, column: 30] (through reference chain: demo.fixer.model.Result[&quot;status&quot;])" type="org.springframework.http.converter.HttpMessageNotReadableException">org.springframework.http.converter.HttpMessageNotReadableException: Could not read document: Can not instantiate value of type [simple type, class demo.fixer.model.Status] from Integral number (404); no single-int-arg constructor/factory method
 at [Source: java.io.PushbackInputStream@27502e5c; line: 2, column: 30] (through reference chain: demo.fixer.model.Result["status"]); nested exception is com.fasterxml.jackson.databind.JsonMappingException: Can not instantiate value of type [simple type, class demo.fixer.model.Status] from Integral number (404); no single-int-arg constructor/factory method
 at [Source: java.io.PushbackInputStream@27502e5c; line: 2, column: 30] (through reference chain: demo.fixer.model.Result["status"])
	at com.fasterxml.jackson.databind.JsonMappingException.from(JsonMappingException.java:148)
	at com.fasterxml.jackson.databind.DeserializationContext.mappingException(DeserializationContext.java:843)
	at com.fasterxml.jackson.databind.deser.std.StdValueInstantiator.createFromInt(StdValueInstantiator.java:304)
	at com.fasterxml.jackson.databind.deser.BeanDeserializerBase.deserializeFromNumber(BeanDeserializerBase.java:1107)
	at com.fasterxml.jackson.databind.deser.BeanDeserializer._deserializeOther(BeanDeserializer.java:155)
	at com.fasterxml.jackson.databind.deser.BeanDeserializer.deserialize(BeanDeserializer.java:144)
	at com.fasterxml.jackson.databind.deser.SettableBeanProperty.deserialize(SettableBeanProperty.java:523)
	at com.fasterxml.jackson.databind.deser.impl.MethodProperty.deserializeAndSet(MethodProperty.java:95)
	at com.fasterxml.jackson.databind.deser.impl.BeanPropertyMap.findDeserializeAndSet(BeanPropertyMap.java:285)
	at com.fasterxml.jackson.databind.deser.BeanDeserializer.deserializeFromObject(BeanDeserializer.java:335)
	at com.fasterxml.jackson.databind.deser.BeanDeserializer.deserialize(BeanDeserializer.java:142)
	at com.fasterxml.jackson.databind.ObjectMapper._readMapAndClose(ObjectMapper.java:3562)
	at com.fasterxml.jackson.databind.ObjectMapper.readValue(ObjectMapper.java:2662)
	at org.springframework.http.converter.json.AbstractJackson2HttpMessageConverter.readJavaType(AbstractJackson2HttpMessageConverter.java:225)
	at org.springframework.http.converter.json.AbstractJackson2HttpMessageConverter.read(AbstractJackson2HttpMessageConverter.java:213)
	at org.springframework.web.client.HttpMessageConverterExtractor.extractData(HttpMessageConverterExtractor.java:95)
	at org.springframework.web.client.RestTemplate.doExecute(RestTemplate.java:622)
	at org.springframework.web.client.RestTemplate.execute(RestTemplate.java:580)
	at org.springframework.web.client.RestTemplate.getForObject(RestTemplate.java:287)
	at org.springframework.boot.test.web.client.TestRestTemplate.getForObject(TestRestTemplate.java:180)
	at demo.fixer.app.FixerDemoApplicationTest.testAppGetRatesWithInvalidTimestampParamError(FixerDemoApplicationTest.java:69)
</error>
  </testcase>
  <testcase name="testAppGetRatesWithNoParamOK" classname="demo.fixer.app.FixerDemoApplicationTest" time="0.007">
    <error message="Could not read document: Can not instantiate value of type [simple type, class demo.fixer.model.Status] from Integral number (404); no single-int-arg constructor/factory method&#10; at [Source: java.io.PushbackInputStream@4b343b6d; line: 2, column: 30] (through reference chain: demo.fixer.model.Result[&quot;status&quot;]); nested exception is com.fasterxml.jackson.databind.JsonMappingException: Can not instantiate value of type [simple type, class demo.fixer.model.Status] from Integral number (404); no single-int-arg constructor/factory method&#10; at [Source: java.io.PushbackInputStream@4b343b6d; line: 2, column: 30] (through reference chain: demo.fixer.model.Result[&quot;status&quot;])" type="org.springframework.http.converter.HttpMessageNotReadableException">org.springframework.http.converter.HttpMessageNotReadableException: Could not read document: Can not instantiate value of type [simple type, class demo.fixer.model.Status] from Integral number (404); no single-int-arg constructor/factory method
 at [Source: java.io.PushbackInputStream@4b343b6d; line: 2, column: 30] (through reference chain: demo.fixer.model.Result["status"]); nested exception is com.fasterxml.jackson.databind.JsonMappingException: Can not instantiate value of type [simple type, class demo.fixer.model.Status] from Integral number (404); no single-int-arg constructor/factory method
 at [Source: java.io.PushbackInputStream@4b343b6d; line: 2, column: 30] (through reference chain: demo.fixer.model.Result["status"])
	at com.fasterxml.jackson.databind.JsonMappingException.from(JsonMappingException.java:148)
	at com.fasterxml.jackson.databind.DeserializationContext.mappingException(DeserializationContext.java:843)
	at com.fasterxml.jackson.databind.deser.std.StdValueInstantiator.createFromInt(StdValueInstantiator.java:304)
	at com.fasterxml.jackson.databind.deser.BeanDeserializerBase.deserializeFromNumber(BeanDeserializerBase.java:1107)
	at com.fasterxml.jackson.databind.deser.BeanDeserializer._deserializeOther(BeanDeserializer.java:155)
	at com.fasterxml.jackson.databind.deser.BeanDeserializer.deserialize(BeanDeserializer.java:144)
	at com.fasterxml.jackson.databind.deser.SettableBeanProperty.deserialize(SettableBeanProperty.java:523)
	at com.fasterxml.jackson.databind.deser.impl.MethodProperty.deserializeAndSet(MethodProperty.java:95)
	at com.fasterxml.jackson.databind.deser.impl.BeanPropertyMap.findDeserializeAndSet(BeanPropertyMap.java:285)
	at com.fasterxml.jackson.databind.deser.BeanDeserializer.deserializeFromObject(BeanDeserializer.java:335)
	at com.fasterxml.jackson.databind.deser.BeanDeserializer.deserialize(BeanDeserializer.java:142)
	at com.fasterxml.jackson.databind.ObjectMapper._readMapAndClose(ObjectMapper.java:3562)
	at com.fasterxml.jackson.databind.ObjectMapper.readValue(ObjectMapper.java:2662)
	at org.springframework.http.converter.json.AbstractJackson2HttpMessageConverter.readJavaType(AbstractJackson2HttpMessageConverter.java:225)
	at org.springframework.http.converter.json.AbstractJackson2HttpMessageConverter.read(AbstractJackson2HttpMessageConverter.java:213)
	at org.springframework.web.client.HttpMessageConverterExtractor.extractData(HttpMessageConverterExtractor.java:95)
	at org.springframework.web.client.RestTemplate.doExecute(RestTemplate.java:622)
	at org.springframework.web.client.RestTemplate.execute(RestTemplate.java:580)
	at org.springframework.web.client.RestTemplate.getForObject(RestTemplate.java:287)
	at org.springframework.boot.test.web.client.TestRestTemplate.getForObject(TestRestTemplate.java:180)
	at demo.fixer.app.FixerDemoApplicationTest.testAppGetRatesWithNoParamOK(FixerDemoApplicationTest.java:33)
</error>
  </testcase>
  <testcase name="testAppGetRatesWithBaseTargetAndTimestampOK" classname="demo.fixer.app.FixerDemoApplicationTest" time="0.009">
    <error message="Could not read document: Can not instantiate value of type [simple type, class demo.fixer.model.Status] from Integral number (404); no single-int-arg constructor/factory method&#10; at [Source: java.io.PushbackInputStream@17d2b646; line: 2, column: 30] (through reference chain: demo.fixer.model.Result[&quot;status&quot;]); nested exception is com.fasterxml.jackson.databind.JsonMappingException: Can not instantiate value of type [simple type, class demo.fixer.model.Status] from Integral number (404); no single-int-arg constructor/factory method&#10; at [Source: java.io.PushbackInputStream@17d2b646; line: 2, column: 30] (through reference chain: demo.fixer.model.Result[&quot;status&quot;])" type="org.springframework.http.converter.HttpMessageNotReadableException">org.springframework.http.converter.HttpMessageNotReadableException: Could not read document: Can not instantiate value of type [simple type, class demo.fixer.model.Status] from Integral number (404); no single-int-arg constructor/factory method
 at [Source: java.io.PushbackInputStream@17d2b646; line: 2, column: 30] (through reference chain: demo.fixer.model.Result["status"]); nested exception is com.fasterxml.jackson.databind.JsonMappingException: Can not instantiate value of type [simple type, class demo.fixer.model.Status] from Integral number (404); no single-int-arg constructor/factory method
 at [Source: java.io.PushbackInputStream@17d2b646; line: 2, column: 30] (through reference chain: demo.fixer.model.Result["status"])
	at com.fasterxml.jackson.databind.JsonMappingException.from(JsonMappingException.java:148)
	at com.fasterxml.jackson.databind.DeserializationContext.mappingException(DeserializationContext.java:843)
	at com.fasterxml.jackson.databind.deser.std.StdValueInstantiator.createFromInt(StdValueInstantiator.java:304)
	at com.fasterxml.jackson.databind.deser.BeanDeserializerBase.deserializeFromNumber(BeanDeserializerBase.java:1107)
	at com.fasterxml.jackson.databind.deser.BeanDeserializer._deserializeOther(BeanDeserializer.java:155)
	at com.fasterxml.jackson.databind.deser.BeanDeserializer.deserialize(BeanDeserializer.java:144)
	at com.fasterxml.jackson.databind.deser.SettableBeanProperty.deserialize(SettableBeanProperty.java:523)
	at com.fasterxml.jackson.databind.deser.impl.MethodProperty.deserializeAndSet(MethodProperty.java:95)
	at com.fasterxml.jackson.databind.deser.impl.BeanPropertyMap.findDeserializeAndSet(BeanPropertyMap.java:285)
	at com.fasterxml.jackson.databind.deser.BeanDeserializer.deserializeFromObject(BeanDeserializer.java:335)
	at com.fasterxml.jackson.databind.deser.BeanDeserializer.deserialize(BeanDeserializer.java:142)
	at com.fasterxml.jackson.databind.ObjectMapper._readMapAndClose(ObjectMapper.java:3562)
	at com.fasterxml.jackson.databind.ObjectMapper.readValue(ObjectMapper.java:2662)
	at org.springframework.http.converter.json.AbstractJackson2HttpMessageConverter.readJavaType(AbstractJackson2HttpMessageConverter.java:225)
	at org.springframework.http.converter.json.AbstractJackson2HttpMessageConverter.read(AbstractJackson2HttpMessageConverter.java:213)
	at org.springframework.web.client.HttpMessageConverterExtractor.extractData(HttpMessageConverterExtractor.java:95)
	at org.springframework.web.client.RestTemplate.doExecute(RestTemplate.java:622)
	at org.springframework.web.client.RestTemplate.execute(RestTemplate.java:580)
	at org.springframework.web.client.RestTemplate.getForObject(RestTemplate.java:287)
	at org.springframework.boot.test.web.client.TestRestTemplate.getForObject(TestRestTemplate.java:180)
	at demo.fixer.app.FixerDemoApplicationTest.testAppGetRatesWithBaseTargetAndTimestampOK(FixerDemoApplicationTest.java:51)
</error>
  </testcase>
  <testcase name="testAppGetRatesWithBaseParamOK" classname="demo.fixer.app.FixerDemoApplicationTest" time="0.009">
    <error message="Could not read document: Can not instantiate value of type [simple type, class demo.fixer.model.Status] from Integral number (404); no single-int-arg constructor/factory method&#10; at [Source: java.io.PushbackInputStream@48ae9e8b; line: 2, column: 30] (through reference chain: demo.fixer.model.Result[&quot;status&quot;]); nested exception is com.fasterxml.jackson.databind.JsonMappingException: Can not instantiate value of type [simple type, class demo.fixer.model.Status] from Integral number (404); no single-int-arg constructor/factory method&#10; at [Source: java.io.PushbackInputStream@48ae9e8b; line: 2, column: 30] (through reference chain: demo.fixer.model.Result[&quot;status&quot;])" type="org.springframework.http.converter.HttpMessageNotReadableException">org.springframework.http.converter.HttpMessageNotReadableException: Could not read document: Can not instantiate value of type [simple type, class demo.fixer.model.Status] from Integral number (404); no single-int-arg constructor/factory method
 at [Source: java.io.PushbackInputStream@48ae9e8b; line: 2, column: 30] (through reference chain: demo.fixer.model.Result["status"]); nested exception is com.fasterxml.jackson.databind.JsonMappingException: Can not instantiate value of type [simple type, class demo.fixer.model.Status] from Integral number (404); no single-int-arg constructor/factory method
 at [Source: java.io.PushbackInputStream@48ae9e8b; line: 2, column: 30] (through reference chain: demo.fixer.model.Result["status"])
	at com.fasterxml.jackson.databind.JsonMappingException.from(JsonMappingException.java:148)
	at com.fasterxml.jackson.databind.DeserializationContext.mappingException(DeserializationContext.java:843)
	at com.fasterxml.jackson.databind.deser.std.StdValueInstantiator.createFromInt(StdValueInstantiator.java:304)
	at com.fasterxml.jackson.databind.deser.BeanDeserializerBase.deserializeFromNumber(BeanDeserializerBase.java:1107)
	at com.fasterxml.jackson.databind.deser.BeanDeserializer._deserializeOther(BeanDeserializer.java:155)
	at com.fasterxml.jackson.databind.deser.BeanDeserializer.deserialize(BeanDeserializer.java:144)
	at com.fasterxml.jackson.databind.deser.SettableBeanProperty.deserialize(SettableBeanProperty.java:523)
	at com.fasterxml.jackson.databind.deser.impl.MethodProperty.deserializeAndSet(MethodProperty.java:95)
	at com.fasterxml.jackson.databind.deser.impl.BeanPropertyMap.findDeserializeAndSet(BeanPropertyMap.java:285)
	at com.fasterxml.jackson.databind.deser.BeanDeserializer.deserializeFromObject(BeanDeserializer.java:335)
	at com.fasterxml.jackson.databind.deser.BeanDeserializer.deserialize(BeanDeserializer.java:142)
	at com.fasterxml.jackson.databind.ObjectMapper._readMapAndClose(ObjectMapper.java:3562)
	at com.fasterxml.jackson.databind.ObjectMapper.readValue(ObjectMapper.java:2662)
	at org.springframework.http.converter.json.AbstractJackson2HttpMessageConverter.readJavaType(AbstractJackson2HttpMessageConverter.java:225)
	at org.springframework.http.converter.json.AbstractJackson2HttpMessageConverter.read(AbstractJackson2HttpMessageConverter.java:213)
	at org.springframework.web.client.HttpMessageConverterExtractor.extractData(HttpMessageConverterExtractor.java:95)
	at org.springframework.web.client.RestTemplate.doExecute(RestTemplate.java:622)
	at org.springframework.web.client.RestTemplate.execute(RestTemplate.java:580)
	at org.springframework.web.client.RestTemplate.getForObject(RestTemplate.java:287)
	at org.springframework.boot.test.web.client.TestRestTemplate.getForObject(TestRestTemplate.java:180)
	at demo.fixer.app.FixerDemoApplicationTest.testAppGetRatesWithBaseParamOK(FixerDemoApplicationTest.java:39)
</error>
  </testcase>
  <testcase name="testAppGetRatesWithInvalidBaseParamError" classname="demo.fixer.app.FixerDemoApplicationTest" time="0.011">
    <error message="Could not read document: Can not instantiate value of type [simple type, class demo.fixer.model.Status] from Integral number (404); no single-int-arg constructor/factory method&#10; at [Source: java.io.PushbackInputStream@6eaa6b0c; line: 2, column: 30] (through reference chain: demo.fixer.model.Result[&quot;status&quot;]); nested exception is com.fasterxml.jackson.databind.JsonMappingException: Can not instantiate value of type [simple type, class demo.fixer.model.Status] from Integral number (404); no single-int-arg constructor/factory method&#10; at [Source: java.io.PushbackInputStream@6eaa6b0c; line: 2, column: 30] (through reference chain: demo.fixer.model.Result[&quot;status&quot;])" type="org.springframework.http.converter.HttpMessageNotReadableException">org.springframework.http.converter.HttpMessageNotReadableException: Could not read document: Can not instantiate value of type [simple type, class demo.fixer.model.Status] from Integral number (404); no single-int-arg constructor/factory method
 at [Source: java.io.PushbackInputStream@6eaa6b0c; line: 2, column: 30] (through reference chain: demo.fixer.model.Result["status"]); nested exception is com.fasterxml.jackson.databind.JsonMappingException: Can not instantiate value of type [simple type, class demo.fixer.model.Status] from Integral number (404); no single-int-arg constructor/factory method
 at [Source: java.io.PushbackInputStream@6eaa6b0c; line: 2, column: 30] (through reference chain: demo.fixer.model.Result["status"])
	at com.fasterxml.jackson.databind.JsonMappingException.from(JsonMappingException.java:148)
	at com.fasterxml.jackson.databind.DeserializationContext.mappingException(DeserializationContext.java:843)
	at com.fasterxml.jackson.databind.deser.std.StdValueInstantiator.createFromInt(StdValueInstantiator.java:304)
	at com.fasterxml.jackson.databind.deser.BeanDeserializerBase.deserializeFromNumber(BeanDeserializerBase.java:1107)
	at com.fasterxml.jackson.databind.deser.BeanDeserializer._deserializeOther(BeanDeserializer.java:155)
	at com.fasterxml.jackson.databind.deser.BeanDeserializer.deserialize(BeanDeserializer.java:144)
	at com.fasterxml.jackson.databind.deser.SettableBeanProperty.deserialize(SettableBeanProperty.java:523)
	at com.fasterxml.jackson.databind.deser.impl.MethodProperty.deserializeAndSet(MethodProperty.java:95)
	at com.fasterxml.jackson.databind.deser.impl.BeanPropertyMap.findDeserializeAndSet(BeanPropertyMap.java:285)
	at com.fasterxml.jackson.databind.deser.BeanDeserializer.deserializeFromObject(BeanDeserializer.java:335)
	at com.fasterxml.jackson.databind.deser.BeanDeserializer.deserialize(BeanDeserializer.java:142)
	at com.fasterxml.jackson.databind.ObjectMapper._readMapAndClose(ObjectMapper.java:3562)
	at com.fasterxml.jackson.databind.ObjectMapper.readValue(ObjectMapper.java:2662)
	at org.springframework.http.converter.json.AbstractJackson2HttpMessageConverter.readJavaType(AbstractJackson2HttpMessageConverter.java:225)
	at org.springframework.http.converter.json.AbstractJackson2HttpMessageConverter.read(AbstractJackson2HttpMessageConverter.java:213)
	at org.springframework.web.client.HttpMessageConverterExtractor.extractData(HttpMessageConverterExtractor.java:95)
	at org.springframework.web.client.RestTemplate.doExecute(RestTemplate.java:622)
	at org.springframework.web.client.RestTemplate.execute(RestTemplate.java:580)
	at org.springframework.web.client.RestTemplate.getForObject(RestTemplate.java:287)
	at org.springframework.boot.test.web.client.TestRestTemplate.getForObject(TestRestTemplate.java:180)
	at demo.fixer.app.FixerDemoApplicationTest.testAppGetRatesWithInvalidBaseParamError(FixerDemoApplicationTest.java:57)
</error>
  </testcase>
  <testcase name="testAppGetRatesWithBaseAndTargetOK" classname="demo.fixer.app.FixerDemoApplicationTest" time="0.007">
    <error message="Could not read document: Can not instantiate value of type [simple type, class demo.fixer.model.Status] from Integral number (404); no single-int-arg constructor/factory method&#10; at [Source: java.io.PushbackInputStream@4afcae7; line: 2, column: 30] (through reference chain: demo.fixer.model.Result[&quot;status&quot;]); nested exception is com.fasterxml.jackson.databind.JsonMappingException: Can not instantiate value of type [simple type, class demo.fixer.model.Status] from Integral number (404); no single-int-arg constructor/factory method&#10; at [Source: java.io.PushbackInputStream@4afcae7; line: 2, column: 30] (through reference chain: demo.fixer.model.Result[&quot;status&quot;])" type="org.springframework.http.converter.HttpMessageNotReadableException">org.springframework.http.converter.HttpMessageNotReadableException: Could not read document: Can not instantiate value of type [simple type, class demo.fixer.model.Status] from Integral number (404); no single-int-arg constructor/factory method
 at [Source: java.io.PushbackInputStream@4afcae7; line: 2, column: 30] (through reference chain: demo.fixer.model.Result["status"]); nested exception is com.fasterxml.jackson.databind.JsonMappingException: Can not instantiate value of type [simple type, class demo.fixer.model.Status] from Integral number (404); no single-int-arg constructor/factory method
 at [Source: java.io.PushbackInputStream@4afcae7; line: 2, column: 30] (through reference chain: demo.fixer.model.Result["status"])
	at com.fasterxml.jackson.databind.JsonMappingException.from(JsonMappingException.java:148)
	at com.fasterxml.jackson.databind.DeserializationContext.mappingException(DeserializationContext.java:843)
	at com.fasterxml.jackson.databind.deser.std.StdValueInstantiator.createFromInt(StdValueInstantiator.java:304)
	at com.fasterxml.jackson.databind.deser.BeanDeserializerBase.deserializeFromNumber(BeanDeserializerBase.java:1107)
	at com.fasterxml.jackson.databind.deser.BeanDeserializer._deserializeOther(BeanDeserializer.java:155)
	at com.fasterxml.jackson.databind.deser.BeanDeserializer.deserialize(BeanDeserializer.java:144)
	at com.fasterxml.jackson.databind.deser.SettableBeanProperty.deserialize(SettableBeanProperty.java:523)
	at com.fasterxml.jackson.databind.deser.impl.MethodProperty.deserializeAndSet(MethodProperty.java:95)
	at com.fasterxml.jackson.databind.deser.impl.BeanPropertyMap.findDeserializeAndSet(BeanPropertyMap.java:285)
	at com.fasterxml.jackson.databind.deser.BeanDeserializer.deserializeFromObject(BeanDeserializer.java:335)
	at com.fasterxml.jackson.databind.deser.BeanDeserializer.deserialize(BeanDeserializer.java:142)
	at com.fasterxml.jackson.databind.ObjectMapper._readMapAndClose(ObjectMapper.java:3562)
	at com.fasterxml.jackson.databind.ObjectMapper.readValue(ObjectMapper.java:2662)
	at org.springframework.http.converter.json.AbstractJackson2HttpMessageConverter.readJavaType(AbstractJackson2HttpMessageConverter.java:225)
	at org.springframework.http.converter.json.AbstractJackson2HttpMessageConverter.read(AbstractJackson2HttpMessageConverter.java:213)
	at org.springframework.web.client.HttpMessageConverterExtractor.extractData(HttpMessageConverterExtractor.java:95)
	at org.springframework.web.client.RestTemplate.doExecute(RestTemplate.java:622)
	at org.springframework.web.client.RestTemplate.execute(RestTemplate.java:580)
	at org.springframework.web.client.RestTemplate.getForObject(RestTemplate.java:287)
	at org.springframework.boot.test.web.client.TestRestTemplate.getForObject(TestRestTemplate.java:180)
	at demo.fixer.app.FixerDemoApplicationTest.testAppGetRatesWithBaseAndTargetOK(FixerDemoApplicationTest.java:45)
</error>
  </testcase>
  <testcase name="contextLoads" classname="demo.fixer.app.FixerDemoApplicationTest" time="0.003"/>
  <testcase name="testAppGetRatesWithInvalidTimestampParamException" classname="demo.fixer.app.FixerDemoApplicationTest" time="0.009">
    <error message="Could not read document: Can not instantiate value of type [simple type, class demo.fixer.model.Status] from Integral number (404); no single-int-arg constructor/factory method&#10; at [Source: java.io.PushbackInputStream@6cd2cb2; line: 2, column: 30] (through reference chain: demo.fixer.model.Result[&quot;status&quot;]); nested exception is com.fasterxml.jackson.databind.JsonMappingException: Can not instantiate value of type [simple type, class demo.fixer.model.Status] from Integral number (404); no single-int-arg constructor/factory method&#10; at [Source: java.io.PushbackInputStream@6cd2cb2; line: 2, column: 30] (through reference chain: demo.fixer.model.Result[&quot;status&quot;])" type="org.springframework.http.converter.HttpMessageNotReadableException">org.springframework.http.converter.HttpMessageNotReadableException: Could not read document: Can not instantiate value of type [simple type, class demo.fixer.model.Status] from Integral number (404); no single-int-arg constructor/factory method
 at [Source: java.io.PushbackInputStream@6cd2cb2; line: 2, column: 30] (through reference chain: demo.fixer.model.Result["status"]); nested exception is com.fasterxml.jackson.databind.JsonMappingException: Can not instantiate value of type [simple type, class demo.fixer.model.Status] from Integral number (404); no single-int-arg constructor/factory method
 at [Source: java.io.PushbackInputStream@6cd2cb2; line: 2, column: 30] (through reference chain: demo.fixer.model.Result["status"])
	at com.fasterxml.jackson.databind.JsonMappingException.from(JsonMappingException.java:148)
	at com.fasterxml.jackson.databind.DeserializationContext.mappingException(DeserializationContext.java:843)
	at com.fasterxml.jackson.databind.deser.std.StdValueInstantiator.createFromInt(StdValueInstantiator.java:304)
	at com.fasterxml.jackson.databind.deser.BeanDeserializerBase.deserializeFromNumber(BeanDeserializerBase.java:1107)
	at com.fasterxml.jackson.databind.deser.BeanDeserializer._deserializeOther(BeanDeserializer.java:155)
	at com.fasterxml.jackson.databind.deser.BeanDeserializer.deserialize(BeanDeserializer.java:144)
	at com.fasterxml.jackson.databind.deser.SettableBeanProperty.deserialize(SettableBeanProperty.java:523)
	at com.fasterxml.jackson.databind.deser.impl.MethodProperty.deserializeAndSet(MethodProperty.java:95)
	at com.fasterxml.jackson.databind.deser.impl.BeanPropertyMap.findDeserializeAndSet(BeanPropertyMap.java:285)
	at com.fasterxml.jackson.databind.deser.BeanDeserializer.deserializeFromObject(BeanDeserializer.java:335)
	at com.fasterxml.jackson.databind.deser.BeanDeserializer.deserialize(BeanDeserializer.java:142)
	at com.fasterxml.jackson.databind.ObjectMapper._readMapAndClose(ObjectMapper.java:3562)
	at com.fasterxml.jackson.databind.ObjectMapper.readValue(ObjectMapper.java:2662)
	at org.springframework.http.converter.json.AbstractJackson2HttpMessageConverter.readJavaType(AbstractJackson2HttpMessageConverter.java:225)
	at org.springframework.http.converter.json.AbstractJackson2HttpMessageConverter.read(AbstractJackson2HttpMessageConverter.java:213)
	at org.springframework.web.client.HttpMessageConverterExtractor.extractData(HttpMessageConverterExtractor.java:95)
	at org.springframework.web.client.RestTemplate.doExecute(RestTemplate.java:622)
	at org.springframework.web.client.RestTemplate.execute(RestTemplate.java:580)
	at org.springframework.web.client.RestTemplate.getForObject(RestTemplate.java:287)
	at org.springframework.boot.test.web.client.TestRestTemplate.getForObject(TestRestTemplate.java:180)
	at demo.fixer.app.FixerDemoApplicationTest.testAppGetRatesWithInvalidTimestampParamException(FixerDemoApplicationTest.java:75)
</error>
  </testcase>
</testsuite>